<?xml version="1.0" encoding="UTF-8"?>
<testng-results ignored="0" total="3" passed="2" failed="1" skipped="0">
  <reporter-output>
    <line>
      <![CDATA[facebook]]>
    </line>
    <line>
      <![CDATA[flipkart]]>
    </line>
  </reporter-output>
  <suite started-at="2022-10-29T18:07:46 IST" name="Default suite" finished-at="2022-10-29T18:11:45 IST" duration-ms="238740">
    <groups>
    </groups>
    <test started-at="2022-10-29T18:07:46 IST" name="Default test" finished-at="2022-10-29T18:11:45 IST" duration-ms="238740">
      <class name="practiceScripts.TsttN1">
        <test-method signature="test1()[pri:0, instance:practiceScripts.TsttN1@2e4b8173]" started-at="2022-10-29T18:07:46 IST" name="test1" finished-at="2022-10-29T18:08:20 IST" duration-ms="33519" status="PASS">
          <reporter-output>
            <line>
              <![CDATA[facebook]]>
            </line>
          </reporter-output>
        </test-method> <!-- test1 -->
        <test-method signature="test2()[pri:0, instance:practiceScripts.TsttN1@2e4b8173]" started-at="2022-10-29T18:08:20 IST" name="test2" finished-at="2022-10-29T18:09:53 IST" duration-ms="93178" status="FAIL">
          <exception class="org.openqa.selenium.WebDriverException">
            <message>
              <![CDATA[unknown error: net::ERR_NAME_NOT_RESOLVED
  (Session info: MicrosoftEdge=106.0.1370.52)
Build info: version: '4.4.0', revision: 'e5c75ed026a'
System info: host: 'LAPTOP-TCRRU1BC', ip: '192.168.153.236', os.name: 'Windows 11', os.arch: 'amd64', os.version: '10.0', java.version: '18.0.1.1'
Driver info: org.openqa.selenium.edge.EdgeDriver
Command: [6aa1843577a7251114ecc021de64ddb5, get {url=https://www.amazon.i}]
Capabilities {acceptInsecureCerts: false, browserName: msedge, browserVersion: 106.0.1370.52, ms:edgeOptions: {debuggerAddress: localhost:50000}, msedge: {msedgedriverVersion: 106.0.1370.59 (0d85bee5ebcc..., userDataDir: C:\Users\gaikw\AppData\Loca...}, networkConnectionEnabled: false, pageLoadStrategy: normal, platformName: WINDOWS, proxy: Proxy(), se:cdp: ws://localhost:50000/devtoo..., se:cdpVersion: 106.0.1370.52, setWindowRect: true, strictFileInteractability: false, timeouts: {implicit: 0, pageLoad: 300000, script: 30000}, unhandledPromptBehavior: dismiss and notify, webauthn:extension:credBlob: true, webauthn:extension:largeBlob: true, webauthn:virtualAuthenticators: true}
Session ID: 6aa1843577a7251114ecc021de64ddb5]]>
            </message>
            <full-stacktrace>
              <![CDATA[org.openqa.selenium.WebDriverException: unknown error: net::ERR_NAME_NOT_RESOLVED
  (Session info: MicrosoftEdge=106.0.1370.52)
Build info: version: '4.4.0', revision: 'e5c75ed026a'
System info: host: 'LAPTOP-TCRRU1BC', ip: '192.168.153.236', os.name: 'Windows 11', os.arch: 'amd64', os.version: '10.0', java.version: '18.0.1.1'
Driver info: org.openqa.selenium.edge.EdgeDriver
Command: [6aa1843577a7251114ecc021de64ddb5, get {url=https://www.amazon.i}]
Capabilities {acceptInsecureCerts: false, browserName: msedge, browserVersion: 106.0.1370.52, ms:edgeOptions: {debuggerAddress: localhost:50000}, msedge: {msedgedriverVersion: 106.0.1370.59 (0d85bee5ebcc..., userDataDir: C:\Users\gaikw\AppData\Loca...}, networkConnectionEnabled: false, pageLoadStrategy: normal, platformName: WINDOWS, proxy: Proxy(), se:cdp: ws://localhost:50000/devtoo..., se:cdpVersion: 106.0.1370.52, setWindowRect: true, strictFileInteractability: false, timeouts: {implicit: 0, pageLoad: 300000, script: 30000}, unhandledPromptBehavior: dismiss and notify, webauthn:extension:credBlob: true, webauthn:extension:largeBlob: true, webauthn:virtualAuthenticators: true}
Session ID: 6aa1843577a7251114ecc021de64ddb5
at java.base/jdk.internal.reflect.DirectConstructorHandleAccessor.newInstance(DirectConstructorHandleAccessor.java:67)
at java.base/java.lang.reflect.Constructor.newInstanceWithCaller(Constructor.java:499)
at java.base/java.lang.reflect.Constructor.newInstance(Constructor.java:483)
at org.openqa.selenium.remote.codec.w3c.W3CHttpResponseCodec.createException(W3CHttpResponseCodec.java:200)
at org.openqa.selenium.remote.codec.w3c.W3CHttpResponseCodec.decode(W3CHttpResponseCodec.java:133)
at org.openqa.selenium.remote.codec.w3c.W3CHttpResponseCodec.decode(W3CHttpResponseCodec.java:53)
at org.openqa.selenium.remote.HttpCommandExecutor.execute(HttpCommandExecutor.java:184)
at org.openqa.selenium.remote.service.DriverCommandExecutor.invokeExecute(DriverCommandExecutor.java:167)
at org.openqa.selenium.remote.service.DriverCommandExecutor.execute(DriverCommandExecutor.java:142)
at org.openqa.selenium.remote.RemoteWebDriver.execute(RemoteWebDriver.java:547)
at org.openqa.selenium.remote.RemoteWebDriver.get(RemoteWebDriver.java:310)
at practiceScripts.TsttN1.test2(TsttN1.java:26)
at java.base/jdk.internal.reflect.DirectMethodHandleAccessor.invoke(DirectMethodHandleAccessor.java:104)
at java.base/java.lang.reflect.Method.invoke(Method.java:577)
at org.testng.internal.MethodInvocationHelper.invokeMethod(MethodInvocationHelper.java:134)
at org.testng.internal.TestInvoker.invokeMethod(TestInvoker.java:597)
at org.testng.internal.TestInvoker.invokeTestMethod(TestInvoker.java:173)
at org.testng.internal.MethodRunner.runInSequence(MethodRunner.java:46)
at org.testng.internal.TestInvoker$MethodInvocationAgent.invoke(TestInvoker.java:816)
at org.testng.internal.TestInvoker.invokeTestMethods(TestInvoker.java:146)
at org.testng.internal.TestMethodWorker.invokeTestMethods(TestMethodWorker.java:146)
at org.testng.internal.TestMethodWorker.run(TestMethodWorker.java:128)
at java.base/java.util.ArrayList.forEach(ArrayList.java:1511)
at org.testng.TestRunner.privateRun(TestRunner.java:766)
at org.testng.TestRunner.run(TestRunner.java:587)
at org.testng.SuiteRunner.runTest(SuiteRunner.java:384)
at org.testng.SuiteRunner.runSequentially(SuiteRunner.java:378)
at org.testng.SuiteRunner.privateRun(SuiteRunner.java:337)
at org.testng.SuiteRunner.run(SuiteRunner.java:286)
at org.testng.SuiteRunnerWorker.runSuite(SuiteRunnerWorker.java:53)
at org.testng.SuiteRunnerWorker.run(SuiteRunnerWorker.java:96)
at org.testng.TestNG.runSuitesSequentially(TestNG.java:1187)
at org.testng.TestNG.runSuitesLocally(TestNG.java:1109)
at org.testng.TestNG.runSuites(TestNG.java:1039)
at org.testng.TestNG.run(TestNG.java:1007)
at org.testng.remote.AbstractRemoteTestNG.run(AbstractRemoteTestNG.java:115)
at org.testng.remote.RemoteTestNG.initAndRun(RemoteTestNG.java:251)
at org.testng.remote.RemoteTestNG.main(RemoteTestNG.java:77)
]]>
            </full-stacktrace>
          </exception> <!-- org.openqa.selenium.WebDriverException -->
          <reporter-output>
          </reporter-output>
        </test-method> <!-- test2 -->
        <test-method signature="test3()[pri:0, instance:practiceScripts.TsttN1@2e4b8173]" started-at="2022-10-29T18:09:53 IST" name="test3" finished-at="2022-10-29T18:11:45 IST" duration-ms="111896" status="PASS">
          <reporter-output>
            <line>
              <![CDATA[flipkart]]>
            </line>
          </reporter-output>
        </test-method> <!-- test3 -->
      </class> <!-- practiceScripts.TsttN1 -->
    </test> <!-- Default test -->
  </suite> <!-- Default suite -->
</testng-results>
