<?xml version="1.0" encoding="UTF-8"?>
<!-- Generated by org.testng.reporters.JUnitXMLReporter -->
<testsuite ignored="0" hostname="LAPTOP-TCRRU1BC" failures="2" tests="5" name="Test" time="383.193" errors="0" timestamp="2022-10-26T11:01:45 IST">
  <testcase classname="practiceScripts.TsttN1" name="test1" time="44.962"/>
  <testcase classname="practiceScripts.TsttN1" name="test2" time="19.469">
    <failure type="org.openqa.selenium.WebDriverException" message="unknown error: net::ERR_NAME_NOT_RESOLVED
  (Session info: MicrosoftEdge=106.0.1370.52)
Build info: version: &amp;apos;4.4.0&amp;apos;, revision: &amp;apos;e5c75ed026a&amp;apos;
System info: host: &amp;apos;LAPTOP-TCRRU1BC&amp;apos;, ip: &amp;apos;192.168.192.236&amp;apos;, os.name: &amp;apos;Windows 11&amp;apos;, os.arch: &amp;apos;amd64&amp;apos;, os.version: &amp;apos;10.0&amp;apos;, java.version: &amp;apos;18.0.1.1&amp;apos;
Driver info: org.openqa.selenium.edge.EdgeDriver
Command: [9c46968c2b6a0c3a9284c97a95b1bdd7, get {url=https://www.amazon.i}]
Capabilities {acceptInsecureCerts: false, browserName: msedge, browserVersion: 106.0.1370.52, ms:edgeOptions: {debuggerAddress: localhost:53889}, msedge: {msedgedriverVersion: 106.0.1370.52 (dc5b94d8835a..., userDataDir: C:\Users\gaikw\AppData\Loca...}, networkConnectionEnabled: false, pageLoadStrategy: normal, platformName: WINDOWS, proxy: Proxy(), se:cdp: ws://localhost:53889/devtoo..., se:cdpVersion: 106.0.1370.52, setWindowRect: true, strictFileInteractability: false, timeouts: {implicit: 0, pageLoad: 300000, script: 30000}, unhandledPromptBehavior: dismiss and notify, webauthn:extension:credBlob: true, webauthn:extension:largeBlob: true, webauthn:virtualAuthenticators: true}
Session ID: 9c46968c2b6a0c3a9284c97a95b1bdd7">
      <![CDATA[org.openqa.selenium.WebDriverException: unknown error: net::ERR_NAME_NOT_RESOLVED
  (Session info: MicrosoftEdge=106.0.1370.52)
Build info: version: '4.4.0', revision: 'e5c75ed026a'
System info: host: 'LAPTOP-TCRRU1BC', ip: '192.168.192.236', os.name: 'Windows 11', os.arch: 'amd64', os.version: '10.0', java.version: '18.0.1.1'
Driver info: org.openqa.selenium.edge.EdgeDriver
Command: [9c46968c2b6a0c3a9284c97a95b1bdd7, get {url=https://www.amazon.i}]
Capabilities {acceptInsecureCerts: false, browserName: msedge, browserVersion: 106.0.1370.52, ms:edgeOptions: {debuggerAddress: localhost:53889}, msedge: {msedgedriverVersion: 106.0.1370.52 (dc5b94d8835a..., userDataDir: C:\Users\gaikw\AppData\Loca...}, networkConnectionEnabled: false, pageLoadStrategy: normal, platformName: WINDOWS, proxy: Proxy(), se:cdp: ws://localhost:53889/devtoo..., se:cdpVersion: 106.0.1370.52, setWindowRect: true, strictFileInteractability: false, timeouts: {implicit: 0, pageLoad: 300000, script: 30000}, unhandledPromptBehavior: dismiss and notify, webauthn:extension:credBlob: true, webauthn:extension:largeBlob: true, webauthn:virtualAuthenticators: true}
Session ID: 9c46968c2b6a0c3a9284c97a95b1bdd7
at org.openqa.selenium.remote.codec.w3c.W3CHttpResponseCodec.createException(W3CHttpResponseCodec.java:200)
at org.openqa.selenium.remote.codec.w3c.W3CHttpResponseCodec.decode(W3CHttpResponseCodec.java:133)
at org.openqa.selenium.remote.codec.w3c.W3CHttpResponseCodec.decode(W3CHttpResponseCodec.java:53)
at org.openqa.selenium.remote.HttpCommandExecutor.execute(HttpCommandExecutor.java:184)
at org.openqa.selenium.remote.service.DriverCommandExecutor.invokeExecute(DriverCommandExecutor.java:167)
at org.openqa.selenium.remote.service.DriverCommandExecutor.execute(DriverCommandExecutor.java:142)
at org.openqa.selenium.remote.RemoteWebDriver.execute(RemoteWebDriver.java:547)
at org.openqa.selenium.remote.RemoteWebDriver.get(RemoteWebDriver.java:310)
at practiceScripts.TsttN1.test2(TsttN1.java:26)
at java.base/java.util.ArrayList.forEach(ArrayList.java:1511)
... Removed 28 stack frames]]>
    </failure>
  </testcase> <!-- test2 -->
  <testcase classname="practiceScripts.TsttN1" name="test3" time="92.18"/>
  <testcase classname="practiceScripts.TesstN2" name="test4" time="131.2"/>
  <testcase classname="practiceScripts.TesstN2" name="test5" time="94.957">
    <failure type="org.openqa.selenium.WebDriverException" message="unknown error: net::ERR_CONNECTION_REFUSED
  (Session info: chrome=106.0.5249.119)
Build info: version: &amp;apos;4.4.0&amp;apos;, revision: &amp;apos;e5c75ed026a&amp;apos;
System info: host: &amp;apos;LAPTOP-TCRRU1BC&amp;apos;, ip: &amp;apos;192.168.192.236&amp;apos;, os.name: &amp;apos;Windows 11&amp;apos;, os.arch: &amp;apos;amd64&amp;apos;, os.version: &amp;apos;10.0&amp;apos;, java.version: &amp;apos;18.0.1.1&amp;apos;
Driver info: org.openqa.selenium.chrome.ChromeDriver
Command: [728e72d8919dd317c342470e3655c898, get {url=https://localhost:8888}]
Capabilities {acceptInsecureCerts: false, browserName: chrome, browserVersion: 106.0.5249.119, chrome: {chromedriverVersion: 106.0.5249.61 (511755355844..., userDataDir: C:\Users\gaikw\AppData\Loca...}, goog:chromeOptions: {debuggerAddress: localhost:54158}, networkConnectionEnabled: false, pageLoadStrategy: normal, platformName: WINDOWS, proxy: Proxy(), se:cdp: ws://localhost:54158/devtoo..., se:cdpVersion: 106.0.5249.119, setWindowRect: true, strictFileInteractability: false, timeouts: {implicit: 0, pageLoad: 300000, script: 30000}, unhandledPromptBehavior: dismiss and notify, webauthn:extension:credBlob: true, webauthn:extension:largeBlob: true, webauthn:virtualAuthenticators: true}
Session ID: 728e72d8919dd317c342470e3655c898">
      <![CDATA[org.openqa.selenium.WebDriverException: unknown error: net::ERR_CONNECTION_REFUSED
  (Session info: chrome=106.0.5249.119)
Build info: version: '4.4.0', revision: 'e5c75ed026a'
System info: host: 'LAPTOP-TCRRU1BC', ip: '192.168.192.236', os.name: 'Windows 11', os.arch: 'amd64', os.version: '10.0', java.version: '18.0.1.1'
Driver info: org.openqa.selenium.chrome.ChromeDriver
Command: [728e72d8919dd317c342470e3655c898, get {url=https://localhost:8888}]
Capabilities {acceptInsecureCerts: false, browserName: chrome, browserVersion: 106.0.5249.119, chrome: {chromedriverVersion: 106.0.5249.61 (511755355844..., userDataDir: C:\Users\gaikw\AppData\Loca...}, goog:chromeOptions: {debuggerAddress: localhost:54158}, networkConnectionEnabled: false, pageLoadStrategy: normal, platformName: WINDOWS, proxy: Proxy(), se:cdp: ws://localhost:54158/devtoo..., se:cdpVersion: 106.0.5249.119, setWindowRect: true, strictFileInteractability: false, timeouts: {implicit: 0, pageLoad: 300000, script: 30000}, unhandledPromptBehavior: dismiss and notify, webauthn:extension:credBlob: true, webauthn:extension:largeBlob: true, webauthn:virtualAuthenticators: true}
Session ID: 728e72d8919dd317c342470e3655c898
at org.openqa.selenium.remote.codec.w3c.W3CHttpResponseCodec.createException(W3CHttpResponseCodec.java:200)
at org.openqa.selenium.remote.codec.w3c.W3CHttpResponseCodec.decode(W3CHttpResponseCodec.java:133)
at org.openqa.selenium.remote.codec.w3c.W3CHttpResponseCodec.decode(W3CHttpResponseCodec.java:53)
at org.openqa.selenium.remote.HttpCommandExecutor.execute(HttpCommandExecutor.java:184)
at org.openqa.selenium.remote.service.DriverCommandExecutor.invokeExecute(DriverCommandExecutor.java:167)
at org.openqa.selenium.remote.service.DriverCommandExecutor.execute(DriverCommandExecutor.java:142)
at org.openqa.selenium.remote.RemoteWebDriver.execute(RemoteWebDriver.java:547)
at org.openqa.selenium.remote.RemoteWebDriver.get(RemoteWebDriver.java:310)
at practiceScripts.TesstN2.test5(TesstN2.java:25)
at java.base/java.util.ArrayList.forEach(ArrayList.java:1511)
... Removed 28 stack frames]]>
    </failure>
  </testcase> <!-- test5 -->
</testsuite> <!-- Test -->
